[debug] [2024-07-21T13:14:23.627Z] ----------------------------------------------------------------------
[debug] [2024-07-21T13:14:23.630Z] Command:       C:\Program Files\nodejs\node.exe C:\Users\33782\AppData\Roaming\npm\node_modules\firebase-tools\lib\bin\firebase.js init
[debug] [2024-07-21T13:14:23.630Z] CLI Version:   13.13.3
[debug] [2024-07-21T13:14:23.630Z] Platform:      win32
[debug] [2024-07-21T13:14:23.631Z] Node Version:  v20.15.0
[debug] [2024-07-21T13:14:23.631Z] Time:          Sun Jul 21 2024 15:14:23 GMT+0200 (heure d’été d’Europe centrale)
[debug] [2024-07-21T13:14:23.631Z] ----------------------------------------------------------------------
[debug] 
[debug] [2024-07-21T13:14:23.636Z] > command requires scopes: ["email","openid","https://www.googleapis.com/auth/cloudplatformprojects.readonly","https://www.googleapis.com/auth/firebase","https://www.googleapis.com/auth/cloud-platform"]
[debug] [2024-07-21T13:14:23.636Z] > authorizing via signed-in user (arthurlalibert24@gmail.com)
[info] 
     ######## #### ########  ######## ########     ###     ######  ########
     ##        ##  ##     ## ##       ##     ##  ##   ##  ##       ##
     ######    ##  ########  ######   ########  #########  ######  ######
     ##        ##  ##    ##  ##       ##     ## ##     ##       ## ##
     ##       #### ##     ## ######## ########  ##     ##  ######  ########

You're about to initialize a Firebase project in this directory:

  C:\Draft_foot

Before we get started, keep in mind:

  * You are currently outside your home directory

[info] 
=== Project Setup
[info] 
[info] First, let's associate this project directory with a Firebase project.
[info] You can create multiple project aliases by running firebase use --add, 
[info] but for now we'll just set up a default project.
[info] 
[debug] [2024-07-21T13:14:54.003Z] >>> [apiv2][query] GET https://firebase.googleapis.com/v1beta1/projects pageSize=100
[debug] [2024-07-21T13:14:54.544Z] <<< [apiv2][status] GET https://firebase.googleapis.com/v1beta1/projects 200
[debug] [2024-07-21T13:14:54.544Z] <<< [apiv2][body] GET https://firebase.googleapis.com/v1beta1/projects [omitted]
[info] i  Using project jeu-draft-foot (Jeu draft foot) 
[info] 
=== Database Setup
[info] i  database: ensuring required API firebasedatabase.googleapis.com is enabled... 
[debug] [2024-07-21T13:14:57.431Z] >>> [apiv2][query] GET https://serviceusage.googleapis.com/v1/projects/jeu-draft-foot/services/firebasedatabase.googleapis.com [none]
[debug] [2024-07-21T13:14:57.431Z] >>> [apiv2][(partial)header] GET https://serviceusage.googleapis.com/v1/projects/jeu-draft-foot/services/firebasedatabase.googleapis.com x-goog-quota-user=projects/jeu-draft-foot
[debug] [2024-07-21T13:14:57.868Z] <<< [apiv2][status] GET https://serviceusage.googleapis.com/v1/projects/jeu-draft-foot/services/firebasedatabase.googleapis.com 200
[debug] [2024-07-21T13:14:57.868Z] <<< [apiv2][body] GET https://serviceusage.googleapis.com/v1/projects/jeu-draft-foot/services/firebasedatabase.googleapis.com [omitted]
[warn] !  database: missing required API firebasedatabase.googleapis.com. Enabling now... 
[debug] [2024-07-21T13:14:57.871Z] >>> [apiv2][query] POST https://serviceusage.googleapis.com/v1/projects/jeu-draft-foot/services/firebasedatabase.googleapis.com:enable [none]
[debug] [2024-07-21T13:14:57.871Z] >>> [apiv2][(partial)header] POST https://serviceusage.googleapis.com/v1/projects/jeu-draft-foot/services/firebasedatabase.googleapis.com:enable x-goog-quota-user=projects/jeu-draft-foot
[debug] [2024-07-21T13:14:59.060Z] <<< [apiv2][status] POST https://serviceusage.googleapis.com/v1/projects/jeu-draft-foot/services/firebasedatabase.googleapis.com:enable 200
[debug] [2024-07-21T13:14:59.060Z] <<< [apiv2][body] POST https://serviceusage.googleapis.com/v1/projects/jeu-draft-foot/services/firebasedatabase.googleapis.com:enable [omitted]
[debug] [2024-07-21T13:15:09.066Z] >>> [apiv2][query] GET https://serviceusage.googleapis.com/v1/projects/jeu-draft-foot/services/firebasedatabase.googleapis.com [none]
[debug] [2024-07-21T13:15:09.066Z] >>> [apiv2][(partial)header] GET https://serviceusage.googleapis.com/v1/projects/jeu-draft-foot/services/firebasedatabase.googleapis.com x-goog-quota-user=projects/jeu-draft-foot
[debug] [2024-07-21T13:15:09.965Z] <<< [apiv2][status] GET https://serviceusage.googleapis.com/v1/projects/jeu-draft-foot/services/firebasedatabase.googleapis.com 200
[debug] [2024-07-21T13:15:09.965Z] <<< [apiv2][body] GET https://serviceusage.googleapis.com/v1/projects/jeu-draft-foot/services/firebasedatabase.googleapis.com [omitted]
[info] +  database: required API firebasedatabase.googleapis.com is enabled 
[info] 
[debug] [2024-07-21T13:15:09.971Z] >>> [apiv2][query] GET https://firebase.googleapis.com/v1beta1/projects/jeu-draft-foot [none]
[debug] [2024-07-21T13:15:10.249Z] <<< [apiv2][status] GET https://firebase.googleapis.com/v1beta1/projects/jeu-draft-foot 200
[debug] [2024-07-21T13:15:10.249Z] <<< [apiv2][body] GET https://firebase.googleapis.com/v1beta1/projects/jeu-draft-foot {"projectId":"jeu-draft-foot","projectNumber":"504490030888","displayName":"Jeu draft foot","name":"projects/jeu-draft-foot","resources":{"hostingSite":"jeu-draft-foot"},"state":"ACTIVE","etag":"1_d534efb1-0719-4ee2-8fde-70a03a3cbd25"}
[debug] [2024-07-21T13:17:28.516Z] ----------------------------------------------------------------------
[debug] [2024-07-21T13:17:28.519Z] Command:       C:\Program Files\nodejs\node.exe C:\Users\33782\AppData\Roaming\npm\node_modules\firebase-tools\lib\bin\firebase.js init
[debug] [2024-07-21T13:17:28.519Z] CLI Version:   13.13.3
[debug] [2024-07-21T13:17:28.519Z] Platform:      win32
[debug] [2024-07-21T13:17:28.519Z] Node Version:  v20.15.0
[debug] [2024-07-21T13:17:28.519Z] Time:          Sun Jul 21 2024 15:17:28 GMT+0200 (heure d’été d’Europe centrale)
[debug] [2024-07-21T13:17:28.520Z] ----------------------------------------------------------------------
[debug] 
[debug] [2024-07-21T13:17:28.525Z] > command requires scopes: ["email","openid","https://www.googleapis.com/auth/cloudplatformprojects.readonly","https://www.googleapis.com/auth/firebase","https://www.googleapis.com/auth/cloud-platform"]
[debug] [2024-07-21T13:17:28.525Z] > authorizing via signed-in user (arthurlalibert24@gmail.com)
[info] 
     ######## #### ########  ######## ########     ###     ######  ########
     ##        ##  ##     ## ##       ##     ##  ##   ##  ##       ##
     ######    ##  ########  ######   ########  #########  ######  ######
     ##        ##  ##    ##  ##       ##     ## ##     ##       ## ##
     ##       #### ##     ## ######## ########  ##     ##  ######  ########

You're about to initialize a Firebase project in this directory:

  C:\Draft_foot

Before we get started, keep in mind:

  * You are currently outside your home directory

[info] 
=== Project Setup
[info] 
[info] First, let's associate this project directory with a Firebase project.
[info] You can create multiple project aliases by running firebase use --add, 
[info] but for now we'll just set up a default project.
[info] 
[debug] [2024-07-21T13:19:13.531Z] >>> [apiv2][query] GET https://firebase.googleapis.com/v1beta1/projects pageSize=100
[debug] [2024-07-21T13:19:14.014Z] <<< [apiv2][status] GET https://firebase.googleapis.com/v1beta1/projects 200
[debug] [2024-07-21T13:19:14.014Z] <<< [apiv2][body] GET https://firebase.googleapis.com/v1beta1/projects [omitted]
[info] i  Using project jeu-draft-foot (Jeu draft foot) 
[info] 
=== Database Setup
[info] i  database: ensuring required API firebasedatabase.googleapis.com is enabled... 
[debug] [2024-07-21T13:19:15.759Z] >>> [apiv2][query] GET https://serviceusage.googleapis.com/v1/projects/jeu-draft-foot/services/firebasedatabase.googleapis.com [none]
[debug] [2024-07-21T13:19:15.759Z] >>> [apiv2][(partial)header] GET https://serviceusage.googleapis.com/v1/projects/jeu-draft-foot/services/firebasedatabase.googleapis.com x-goog-quota-user=projects/jeu-draft-foot
[debug] [2024-07-21T13:19:16.654Z] <<< [apiv2][status] GET https://serviceusage.googleapis.com/v1/projects/jeu-draft-foot/services/firebasedatabase.googleapis.com 200
[debug] [2024-07-21T13:19:16.655Z] <<< [apiv2][body] GET https://serviceusage.googleapis.com/v1/projects/jeu-draft-foot/services/firebasedatabase.googleapis.com [omitted]
[info] +  database: required API firebasedatabase.googleapis.com is enabled 
[info] 
[debug] [2024-07-21T13:19:16.655Z] >>> [apiv2][query] GET https://firebase.googleapis.com/v1beta1/projects/jeu-draft-foot [none]
[debug] [2024-07-21T13:19:16.876Z] <<< [apiv2][status] GET https://firebase.googleapis.com/v1beta1/projects/jeu-draft-foot 200
[debug] [2024-07-21T13:19:16.876Z] <<< [apiv2][body] GET https://firebase.googleapis.com/v1beta1/projects/jeu-draft-foot {"projectId":"jeu-draft-foot","projectNumber":"504490030888","displayName":"Jeu draft foot","name":"projects/jeu-draft-foot","resources":{"hostingSite":"jeu-draft-foot"},"state":"ACTIVE","etag":"1_d534efb1-0719-4ee2-8fde-70a03a3cbd25"}
[debug] [2024-07-21T13:19:37.318Z] >>> [apiv2][query] POST https://firebasedatabase.googleapis.com/v1beta/projects/jeu-draft-foot/locations/europe-west1/instances databaseId=jeu-draft-foot-default-rtdb&validateOnly=true
[debug] [2024-07-21T13:19:37.318Z] >>> [apiv2][body] POST https://firebasedatabase.googleapis.com/v1beta/projects/jeu-draft-foot/locations/europe-west1/instances {"type":"default_database"}
[debug] [2024-07-21T13:19:38.315Z] <<< [apiv2][status] POST https://firebasedatabase.googleapis.com/v1beta/projects/jeu-draft-foot/locations/europe-west1/instances 200
[debug] [2024-07-21T13:19:38.315Z] <<< [apiv2][body] POST https://firebasedatabase.googleapis.com/v1beta/projects/jeu-draft-foot/locations/europe-west1/instances {"name":"projects/504490030888/locations/europe-west1/instances/jeu-draft-foot-default-rtdb","project":"projects/504490030888","databaseUrl":"https://jeu-draft-foot-default-rtdb.europe-west1.firebasedatabase.app","type":"DEFAULT_DATABASE","state":"ACTIVE"}
[debug] [2024-07-21T13:19:38.316Z] >>> [apiv2][query] POST https://firebasedatabase.googleapis.com/v1beta/projects/jeu-draft-foot/locations/europe-west1/instances databaseId=jeu-draft-foot-default-rtdb
[debug] [2024-07-21T13:19:38.316Z] >>> [apiv2][body] POST https://firebasedatabase.googleapis.com/v1beta/projects/jeu-draft-foot/locations/europe-west1/instances {"type":"default_database"}
[debug] [2024-07-21T13:19:38.796Z] <<< [apiv2][status] POST https://firebasedatabase.googleapis.com/v1beta/projects/jeu-draft-foot/locations/europe-west1/instances 200
[debug] [2024-07-21T13:19:38.797Z] <<< [apiv2][body] POST https://firebasedatabase.googleapis.com/v1beta/projects/jeu-draft-foot/locations/europe-west1/instances {"name":"projects/504490030888/locations/europe-west1/instances/jeu-draft-foot-default-rtdb","project":"projects/504490030888","databaseUrl":"https://jeu-draft-foot-default-rtdb.europe-west1.firebasedatabase.app","type":"DEFAULT_DATABASE","state":"ACTIVE"}
[info] 
[info] Firebase Realtime Database Security Rules allow you to define how your data should be
[info] structured and when your data can be read from and written to.
[info] 
[debug] [2024-07-21T13:20:22.397Z] >>> [apiv2][query] GET https://jeu-draft-foot-default-rtdb.europe-west1.firebasedatabase.app/.settings/rules.json [none]
[debug] [2024-07-21T13:20:23.541Z] <<< [apiv2][status] GET https://jeu-draft-foot-default-rtdb.europe-west1.firebasedatabase.app/.settings/rules.json 200
[debug] [2024-07-21T13:20:23.541Z] <<< [apiv2][body] GET https://jeu-draft-foot-default-rtdb.europe-west1.firebasedatabase.app/.settings/rules.json [stream]
[info] +  Database Rules for jeu-draft-foot-default-rtdb have been written to database.rules.json. 
[info] Future modifications to database.rules.json will update Realtime Database Security Rules when you run
[info] firebase deploy.
[info] 
=== Hosting Setup
[debug] [2024-07-21T13:20:23.551Z] >>> [apiv2][query] GET https://firebase.googleapis.com/v1beta1/projects/jeu-draft-foot [none]
[debug] [2024-07-21T13:20:23.826Z] <<< [apiv2][status] GET https://firebase.googleapis.com/v1beta1/projects/jeu-draft-foot 200
[debug] [2024-07-21T13:20:23.827Z] <<< [apiv2][body] GET https://firebase.googleapis.com/v1beta1/projects/jeu-draft-foot {"projectId":"jeu-draft-foot","projectNumber":"504490030888","displayName":"Jeu draft foot","name":"projects/jeu-draft-foot","resources":{"hostingSite":"jeu-draft-foot","realtimeDatabaseInstance":"jeu-draft-foot-default-rtdb"},"state":"ACTIVE","etag":"1_d534efb1-0719-4ee2-8fde-70a03a3cbd25"}
[info] 
[info] Your public directory is the folder (relative to your project directory) that
[info] will contain Hosting assets to be uploaded with firebase deploy. If you
[info] have a build process for your assets, use your build's output directory.
[info] 
